{"D:\\vue-test\\src\\api\\getData.js": {"path":"D:\\vue-test\\src\\api\\getData.js","statementMap":{"0":{"start":{"line":1,"column":0},"end":{"line":null,"column":-1}},"1":{"start":{"line":4,"column":13},"end":{"line":4,"column":7}},"2":{"start":{"line":4,"column":20},"end":{"line":4,"column":6}},"3":{"start":{"line":7,"column":13},"end":{"line":7,"column":7}},"4":{"start":{"line":7,"column":30},"end":{"line":7,"column":6}},"5":{"start":{"line":11,"column":13},"end":{"line":11,"column":7}},"6":{"start":{"line":11,"column":30},"end":{"line":11,"column":6}},"7":{"start":{"line":15,"column":13},"end":{"line":15,"column":7}},"8":{"start":{"line":15,"column":26},"end":{"line":15,"column":6}},"9":{"start":{"line":20,"column":13},"end":{"line":20,"column":7}},"10":{"start":{"line":20,"column":24},"end":{"line":20,"column":6}},"11":{"start":{"line":22,"column":13},"end":{"line":22,"column":7}},"12":{"start":{"line":22,"column":29},"end":{"line":22,"column":6}},"13":{"start":{"line":24,"column":13},"end":{"line":24,"column":7}},"14":{"start":{"line":24,"column":25},"end":{"line":24,"column":6}}},"fnMap":{"0":{"name":"quit","decl":{"start":{"line":4,"column":13},"end":{"line":4,"column":20}},"loc":{"start":{"line":4,"column":20},"end":{"line":4,"column":7}}},"1":{"name":"getchannelList","decl":{"start":{"line":7,"column":13},"end":{"line":7,"column":30}},"loc":{"start":{"line":7,"column":30},"end":{"line":7,"column":7}}},"2":{"name":"channelAddEdit","decl":{"start":{"line":11,"column":13},"end":{"line":11,"column":30}},"loc":{"start":{"line":11,"column":30},"end":{"line":11,"column":7}}},"3":{"name":"channelDel","decl":{"start":{"line":15,"column":13},"end":{"line":15,"column":26}},"loc":{"start":{"line":15,"column":26},"end":{"line":15,"column":7}}},"4":{"name":"register","decl":{"start":{"line":20,"column":13},"end":{"line":20,"column":24}},"loc":{"start":{"line":20,"column":24},"end":{"line":20,"column":7}}},"5":{"name":"loginRegister","decl":{"start":{"line":22,"column":13},"end":{"line":22,"column":29}},"loc":{"start":{"line":22,"column":29},"end":{"line":22,"column":7}}},"6":{"name":"personAdd","decl":{"start":{"line":24,"column":13},"end":{"line":24,"column":25}},"loc":{"start":{"line":24,"column":25},"end":{"line":24,"column":7}}}},"branchMap":{},"s":{"0":0,"1":0,"2":0,"3":0,"4":0,"5":0,"6":0,"7":0,"8":0,"9":0,"10":0,"11":0,"12":0,"13":0,"14":0},"f":{"0":0,"1":0,"2":0,"3":0,"4":0,"5":0,"6":0},"b":{}}
,"D:\\vue-test\\src\\components\\HelloWorld.vue": {"path":"D:\\vue-test\\src\\components\\HelloWorld.vue","statementMap":{"0":{"start":{"line":90,"column":0},"end":{"line":null,"column":-1}}},"fnMap":{"0":{"name":"data","decl":{"start":{"line":89,"column":0},"end":{"line":null,"column":-1}},"loc":{"start":{"line":89,"column":0},"end":{"line":93,"column":0}}}},"branchMap":{},"s":{"0":1},"f":{"0":1},"b":{}}
,"D:\\vue-test\\src\\config\\axios.js": {"path":"D:\\vue-test\\src\\config\\axios.js","statementMap":{"0":{"start":{"line":1,"column":0},"end":{"line":null,"column":-1}},"1":{"start":{"line":2,"column":0},"end":{"line":null,"column":-1}},"2":{"start":{"line":4,"column":0},"end":{"line":null,"column":-1}},"3":{"start":{"line":5,"column":4},"end":{"line":5,"column":0}},"4":{"start":{"line":7,"column":0},"end":{"line":null,"column":-1}},"5":{"start":{"line":8,"column":2},"end":{"line":null,"column":-1}},"6":{"start":{"line":9,"column":2},"end":{"line":null,"column":-1}},"7":{"start":{"line":11,"column":2},"end":{"line":null,"column":-1}},"8":{"start":{"line":12,"column":2},"end":{"line":null,"column":-1}},"9":{"start":{"line":13,"column":2},"end":{"line":null,"column":-1}},"10":{"start":{"line":18,"column":0},"end":{"line":null,"column":-1}},"11":{"start":{"line":23,"column":2},"end":{"line":null,"column":-1}},"12":{"start":{"line":24,"column":2},"end":{"line":null,"column":-1}},"13":{"start":{"line":26,"column":2},"end":{"line":null,"column":-1}},"14":{"start":{"line":27,"column":2},"end":{"line":null,"column":-1}},"15":{"start":{"line":28,"column":2},"end":{"line":null,"column":-1}}},"fnMap":{"0":{"name":"(anonymous_1)","decl":{"start":{"line":7,"column":31},"end":{"line":7,"column":39}},"loc":{"start":{"line":7,"column":48},"end":{"line":7,"column":0}}},"1":{"name":"(anonymous_2)","decl":{"start":{"line":10,"column":3},"end":{"line":10,"column":11}},"loc":{"start":{"line":10,"column":19},"end":{"line":7,"column":0}}},"2":{"name":"(anonymous_3)","decl":{"start":{"line":18,"column":32},"end":{"line":18,"column":40}},"loc":{"start":{"line":18,"column":49},"end":{"line":18,"column":0}}},"3":{"name":"(anonymous_4)","decl":{"start":{"line":25,"column":3},"end":{"line":25,"column":11}},"loc":{"start":{"line":25,"column":19},"end":{"line":18,"column":0}}}},"branchMap":{},"s":{"0":0,"1":0,"2":0,"3":0,"4":0,"5":0,"6":0,"7":0,"8":0,"9":0,"10":0,"11":0,"12":0,"13":0,"14":0,"15":0},"f":{"0":0,"1":0,"2":0,"3":0},"b":{}}
,"D:\\vue-test\\src\\config\\env.js": {"path":"D:\\vue-test\\src\\config\\env.js","statementMap":{"0":{"start":{"line":9,"column":14},"end":{"line":9,"column":0}},"1":{"start":{"line":10,"column":17},"end":{"line":10,"column":0}},"2":{"start":{"line":11,"column":4},"end":{"line":11,"column":0}},"3":{"start":{"line":14,"column":1},"end":{"line":15,"column":4}},"4":{"start":{"line":15,"column":4},"end":{"line":16,"column":1}},"5":{"start":{"line":17,"column":1},"end":{"line":18,"column":4}},"6":{"start":{"line":18,"column":4},"end":{"line":19,"column":1}}},"fnMap":{},"branchMap":{},"s":{"0":0,"1":0,"2":0,"3":0,"4":0,"5":0,"6":0},"f":{},"b":{}}
,"D:\\vue-test\\src\\page\\home.vue": {"path":"D:\\vue-test\\src\\page\\home.vue","statementMap":{"0":{"start":{"line":51,"column":0},"end":{"line":null,"column":-1}},"1":{"start":{"line":54,"column":0},"end":{"line":null,"column":-1}},"2":{"start":{"line":91,"column":0},"end":{"line":null,"column":-1}},"3":{"start":{"line":92,"column":0},"end":{"line":null,"column":-1}},"4":{"start":{"line":95,"column":0},"end":{"line":null,"column":-1}},"5":{"start":{"line":100,"column":0},"end":{"line":null,"column":-1}},"6":{"start":{"line":101,"column":0},"end":{"line":null,"column":-1}},"7":{"start":{"line":102,"column":0},"end":{"line":null,"column":-1}}},"fnMap":{"0":{"name":"data","decl":{"start":{"line":53,"column":0},"end":{"line":null,"column":-1}},"loc":{"start":{"line":53,"column":0},"end":{"line":88,"column":0}}},"1":{"name":"handleEdit","decl":{"start":{"line":90,"column":0},"end":{"line":null,"column":-1}},"loc":{"start":{"line":90,"column":0},"end":{"line":93,"column":0}}},"2":{"name":"handleDelete","decl":{"start":{"line":94,"column":0},"end":{"line":null,"column":-1}},"loc":{"start":{"line":94,"column":0},"end":{"line":96,"column":0}}},"3":{"name":"handleAdd","decl":{"start":{"line":97,"column":0},"end":{"line":null,"column":-1}},"loc":{"start":{"line":97,"column":0},"end":{"line":null,"column":-1}}},"4":{"name":"personAddFun","decl":{"start":{"line":100,"column":0},"end":{"line":null,"column":-1}},"loc":{"start":{"line":100,"column":0},"end":{"line":103,"column":0}}}},"branchMap":{"0":{"loc":{"start":{"line":100,"column":0},"end":{"line":null,"column":-1}},"type":"switch","locations":[{"start":{"line":100,"column":0},"end":{"line":null,"column":-1}},{"start":{"line":100,"column":0},"end":{"line":102,"column":0}},{"start":{"line":100,"column":0},"end":{"line":null,"column":-1}},{"start":{"line":100,"column":0},"end":{"line":null,"column":-1}}]}},"s":{"0":0,"1":0,"2":0,"3":0,"4":0,"5":0,"6":0,"7":0},"f":{"0":0,"1":0,"2":0,"3":0,"4":0},"b":{"0":[0,0,0,0]}}
,"D:\\vue-test\\src\\page\\login.vue": {"path":"D:\\vue-test\\src\\page\\login.vue","statementMap":{"0":{"start":{"line":26,"column":0},"end":{"line":null,"column":-1}},"1":{"start":{"line":30,"column":0},"end":{"line":null,"column":-1}},"2":{"start":{"line":47,"column":0},"end":{"line":null,"column":-1}},"3":{"start":{"line":54,"column":0},"end":{"line":null,"column":-1}},"4":{"start":{"line":55,"column":0},"end":{"line":null,"column":-1}},"5":{"start":{"line":57,"column":0},"end":{"line":null,"column":-1}},"6":{"start":{"line":58,"column":0},"end":{"line":null,"column":-1}},"7":{"start":{"line":59,"column":0},"end":{"line":67,"column":0}},"8":{"start":{"line":60,"column":0},"end":{"line":null,"column":-1}},"9":{"start":{"line":61,"column":0},"end":{"line":null,"column":-1}},"10":{"start":{"line":63,"column":0},"end":{"line":null,"column":-1}},"11":{"start":{"line":69,"column":0},"end":{"line":null,"column":-1}}},"fnMap":{"0":{"name":"data","decl":{"start":{"line":29,"column":0},"end":{"line":null,"column":-1}},"loc":{"start":{"line":29,"column":0},"end":{"line":45,"column":0}}},"1":{"name":"mounted","decl":{"start":{"line":46,"column":0},"end":{"line":null,"column":-1}},"loc":{"start":{"line":46,"column":0},"end":{"line":49,"column":0}}},"2":{"name":"submitForm","decl":{"start":{"line":54,"column":0},"end":{"line":null,"column":-1}},"loc":{"start":{"line":54,"column":0},"end":{"line":77,"column":0}}},"3":{"name":"(anonymous_7)","decl":{"start":{"line":55,"column":0},"end":{"line":null,"column":-1}},"loc":{"start":{"line":55,"column":0},"end":{"line":null,"column":-1}}}},"branchMap":{"0":{"loc":{"start":{"line":54,"column":0},"end":{"line":55,"column":0}},"type":"switch","locations":[{"start":{"line":54,"column":0},"end":{"line":55,"column":0}},{"start":{"line":54,"column":0},"end":{"line":null,"column":-1}},{"start":{"line":54,"column":0},"end":{"line":null,"column":-1}}]},"1":{"loc":{"start":{"line":55,"column":0},"end":{"line":null,"column":-1}},"type":"switch","locations":[{"start":{"line":55,"column":0},"end":{"line":null,"column":-1}},{"start":{"line":55,"column":0},"end":{"line":null,"column":-1}},{"start":{"line":55,"column":0},"end":{"line":null,"column":-1}},{"start":{"line":55,"column":0},"end":{"line":null,"column":-1}},{"start":{"line":55,"column":0},"end":{"line":null,"column":-1}}]},"2":{"loc":{"start":{"line":55,"column":0},"end":{"line":null,"column":-1}},"type":"if","locations":[{"start":{"line":55,"column":0},"end":{"line":null,"column":-1}},{"start":{"line":55,"column":0},"end":{"line":null,"column":-1}}]},"3":{"loc":{"start":{"line":59,"column":0},"end":{"line":67,"column":0}},"type":"if","locations":[{"start":{"line":59,"column":0},"end":{"line":67,"column":0}},{"start":{"line":59,"column":0},"end":{"line":67,"column":0}}]}},"s":{"0":0,"1":0,"2":0,"3":0,"4":0,"5":0,"6":0,"7":0,"8":0,"9":0,"10":0,"11":0},"f":{"0":0,"1":0,"2":0,"3":0},"b":{"0":[0,0,0],"1":[0,0,0,0,0],"2":[0,0],"3":[0,0]}}
,"D:\\vue-test\\src\\page\\store.vue": {"path":"D:\\vue-test\\src\\page\\store.vue","statementMap":{"0":{"start":{"line":15,"column":0},"end":{"line":null,"column":-1}},"1":{"start":{"line":19,"column":0},"end":{"line":null,"column":-1}},"2":{"start":{"line":24,"column":0},"end":{"line":null,"column":-1}},"3":{"start":{"line":25,"column":0},"end":{"line":null,"column":-1}},"4":{"start":{"line":39,"column":0},"end":{"line":null,"column":-1}}},"fnMap":{"0":{"name":"data","decl":{"start":{"line":18,"column":0},"end":{"line":null,"column":-1}},"loc":{"start":{"line":18,"column":0},"end":{"line":22,"column":0}}},"1":{"name":"count","decl":{"start":{"line":24,"column":0},"end":{"line":null,"column":-1}},"loc":{"start":{"line":24,"column":0},"end":{"line":null,"column":-1}}},"2":{"name":"cc","decl":{"start":{"line":25,"column":0},"end":{"line":null,"column":-1}},"loc":{"start":{"line":25,"column":0},"end":{"line":null,"column":-1}}},"3":{"name":"mounted","decl":{"start":{"line":38,"column":0},"end":{"line":null,"column":-1}},"loc":{"start":{"line":38,"column":0},"end":{"line":46,"column":0}}}},"branchMap":{},"s":{"0":0,"1":0,"2":0,"3":0,"4":0},"f":{"0":0,"1":0,"2":0,"3":0},"b":{}}
,"D:\\vue-test\\src\\vuex\\store.js": {"path":"D:\\vue-test\\src\\vuex\\store.js","statementMap":{"0":{"start":{"line":1,"column":0},"end":{"line":null,"column":-1}},"1":{"start":{"line":2,"column":0},"end":{"line":null,"column":-1}},"2":{"start":{"line":4,"column":0},"end":{"line":null,"column":-1}},"3":{"start":{"line":7,"column":14},"end":{"line":7,"column":0}},"4":{"start":{"line":12,"column":16},"end":{"line":12,"column":0}},"5":{"start":{"line":14,"column":8},"end":{"line":null,"column":-1}},"6":{"start":{"line":17,"column":8},"end":{"line":null,"column":-1}},"7":{"start":{"line":20,"column":16},"end":{"line":20,"column":0}},"8":{"start":{"line":22,"column":8},"end":{"line":null,"column":-1}},"9":{"start":{"line":26,"column":16},"end":{"line":26,"column":0}},"10":{"start":{"line":29,"column":8},"end":{"line":null,"column":-1}},"11":{"start":{"line":29,"column":27},"end":{"line":29,"column":50}},"12":{"start":{"line":32,"column":7},"end":{"line":null,"column":-1}},"13":{"start":{"line":32,"column":26},"end":{"line":32,"column":52}}},"fnMap":{"0":{"name":"add","decl":{"start":{"line":12,"column":16},"end":{"line":13,"column":7}},"loc":{"start":{"line":13,"column":14},"end":{"line":12,"column":16}}},"1":{"name":"reduce","decl":{"start":{"line":12,"column":16},"end":{"line":16,"column":10}},"loc":{"start":{"line":16,"column":17},"end":{"line":12,"column":16}}},"2":{"name":"count","decl":{"start":{"line":21,"column":11},"end":{"line":21,"column":20}},"loc":{"start":{"line":21,"column":28},"end":{"line":20,"column":16}}},"3":{"name":"addAction","decl":{"start":{"line":26,"column":16},"end":{"line":27,"column":13}},"loc":{"start":{"line":27,"column":23},"end":{"line":26,"column":16}}},"4":{"name":"(anonymous_5)","decl":{"start":{"line":29,"column":19},"end":{"line":29,"column":24}},"loc":{"start":{"line":29,"column":25},"end":{"line":29,"column":8}}},"5":{"name":"reduceAction","decl":{"start":{"line":26,"column":16},"end":{"line":31,"column":16}},"loc":{"start":{"line":31,"column":26},"end":{"line":26,"column":16}}},"6":{"name":"(anonymous_7)","decl":{"start":{"line":32,"column":18},"end":{"line":32,"column":23}},"loc":{"start":{"line":32,"column":24},"end":{"line":32,"column":7}}}},"branchMap":{},"s":{"0":0,"1":0,"2":0,"3":0,"4":0,"5":0,"6":0,"7":0,"8":0,"9":0,"10":0,"11":0,"12":0,"13":0},"f":{"0":0,"1":0,"2":0,"3":0,"4":0,"5":0,"6":0},"b":{}}
}
