TN:
SF:D:\vue-test\src\api\getData.js
FN:4,quit
FN:7,getchannelList
FN:11,channelAddEdit
FN:15,channelDel
FN:20,register
FN:22,loginRegister
FN:24,personAdd
FNF:7
FNH:0
FNDA:0,quit
FNDA:0,getchannelList
FNDA:0,channelAddEdit
FNDA:0,channelDel
FNDA:0,register
FNDA:0,loginRegister
FNDA:0,personAdd
DA:1,0
DA:4,0
DA:7,0
DA:11,0
DA:15,0
DA:20,0
DA:22,0
DA:24,0
LF:8
LH:0
BRF:0
BRH:0
end_of_record
TN:
SF:D:\vue-test\src\components\HelloWorld.vue
FN:89,data
FNF:1
FNH:1
FNDA:1,data
DA:90,1
LF:1
LH:1
BRF:0
BRH:0
end_of_record
TN:
SF:D:\vue-test\src\config\axios.js
FN:7,(anonymous_1)
FN:10,(anonymous_2)
FN:18,(anonymous_3)
FN:25,(anonymous_4)
FNF:4
FNH:0
FNDA:0,(anonymous_1)
FNDA:0,(anonymous_2)
FNDA:0,(anonymous_3)
FNDA:0,(anonymous_4)
DA:1,0
DA:2,0
DA:4,0
DA:5,0
DA:7,0
DA:8,0
DA:9,0
DA:11,0
DA:12,0
DA:13,0
DA:18,0
DA:23,0
DA:24,0
DA:26,0
DA:27,0
DA:28,0
LF:16
LH:0
BRF:0
BRH:0
end_of_record
TN:
SF:D:\vue-test\src\config\env.js
FNF:0
FNH:0
DA:9,0
DA:10,0
DA:11,0
DA:14,0
DA:15,0
DA:17,0
DA:18,0
LF:7
LH:0
BRF:0
BRH:0
end_of_record
TN:
SF:D:\vue-test\src\page\home.vue
FN:53,data
FN:90,handleEdit
FN:94,handleDelete
FN:97,handleAdd
FN:100,personAddFun
FNF:5
FNH:0
FNDA:0,data
FNDA:0,handleEdit
FNDA:0,handleDelete
FNDA:0,handleAdd
FNDA:0,personAddFun
DA:51,0
DA:54,0
DA:91,0
DA:92,0
DA:95,0
DA:100,0
DA:101,0
DA:102,0
LF:8
LH:0
BRDA:100,0,0,0
BRDA:100,0,1,0
BRDA:100,0,2,0
BRDA:100,0,3,0
BRF:4
BRH:0
end_of_record
TN:
SF:D:\vue-test\src\page\login.vue
FN:29,data
FN:46,mounted
FN:54,submitForm
FN:55,(anonymous_7)
FNF:4
FNH:0
FNDA:0,data
FNDA:0,mounted
FNDA:0,submitForm
FNDA:0,(anonymous_7)
DA:26,0
DA:30,0
DA:47,0
DA:54,0
DA:55,0
DA:57,0
DA:58,0
DA:59,0
DA:60,0
DA:61,0
DA:63,0
DA:69,0
LF:12
LH:0
BRDA:54,0,0,0
BRDA:54,0,1,0
BRDA:54,0,2,0
BRDA:55,1,0,0
BRDA:55,1,1,0
BRDA:55,1,2,0
BRDA:55,1,3,0
BRDA:55,1,4,0
BRDA:55,2,0,0
BRDA:55,2,1,0
BRDA:59,3,0,0
BRDA:59,3,1,0
BRF:12
BRH:0
end_of_record
TN:
SF:D:\vue-test\src\page\store.vue
FN:18,data
FN:24,count
FN:25,cc
FN:38,mounted
FNF:4
FNH:0
FNDA:0,data
FNDA:0,count
FNDA:0,cc
FNDA:0,mounted
DA:15,0
DA:19,0
DA:24,0
DA:25,0
DA:39,0
LF:5
LH:0
BRF:0
BRH:0
end_of_record
TN:
SF:D:\vue-test\src\vuex\store.js
FN:12,add
FN:12,reduce
FN:21,count
FN:26,addAction
FN:29,(anonymous_5)
FN:26,reduceAction
FN:32,(anonymous_7)
FNF:7
FNH:0
FNDA:0,add
FNDA:0,reduce
FNDA:0,count
FNDA:0,addAction
FNDA:0,(anonymous_5)
FNDA:0,reduceAction
FNDA:0,(anonymous_7)
DA:1,0
DA:2,0
DA:4,0
DA:7,0
DA:12,0
DA:14,0
DA:17,0
DA:20,0
DA:22,0
DA:26,0
DA:29,0
DA:32,0
LF:12
LH:0
BRF:0
BRH:0
end_of_record
